  [1m[36m (1.2ms)[0m  [1mCREATE TABLE "schema_migrations" ("version" varchar NOT NULL) [0m
  [1m[35m (0.0ms)[0m  select sqlite_version(*)
  [1m[36m (1.0ms)[0m  [1mCREATE UNIQUE INDEX "unique_schema_migrations" ON "schema_migrations" ("version")[0m
  [1m[35mActiveRecord::SchemaMigration Load (0.1ms)[0m  SELECT "schema_migrations".* FROM "schema_migrations"
  [1m[36mActiveRecord::SchemaMigration Load (0.1ms)[0m  [1mSELECT "schema_migrations".* FROM "schema_migrations"[0m
Migrating to CreatePosts (20151230232412)
  [1m[35m (0.1ms)[0m  begin transaction
  [1m[36m (0.4ms)[0m  [1mCREATE TABLE "posts" ("id" INTEGER PRIMARY KEY AUTOINCREMENT NOT NULL, "title" varchar, "description" text, "created_at" datetime NOT NULL, "updated_at" datetime NOT NULL) [0m
  [1m[35mSQL (0.2ms)[0m  INSERT INTO "schema_migrations" ("version") VALUES (?)  [["version", "20151230232412"]]
  [1m[36m (1.3ms)[0m  [1mcommit transaction[0m
  [1m[35mActiveRecord::SchemaMigration Load (0.1ms)[0m  SELECT "schema_migrations".* FROM "schema_migrations"


Started GET "/posts/new" for ::1 at 2015-12-31 13:44:56 -0600
  [1m[36mActiveRecord::SchemaMigration Load (0.1ms)[0m  [1mSELECT "schema_migrations".* FROM "schema_migrations"[0m
Processing by PostsController#new as HTML
  Rendered posts/new.html.erb within layouts/application (2.1ms)
Completed 200 OK in 347ms (Views: 326.8ms | ActiveRecord: 0.2ms)


Started GET "/assets/application.self-e80e8f2318043e8af94dddc2adad5a4f09739a8ebb323b3ab31cd71d45fd9113.css?body=1" for ::1 at 2015-12-31 13:44:57 -0600


Started GET "/assets/application.self-3b8dabdc891efe46b9a144b400ad69e37d7e5876bdc39dee783419a69d7ca819.js?body=1" for ::1 at 2015-12-31 13:44:57 -0600


Started POST "/posts" for ::1 at 2015-12-31 13:45:03 -0600
Processing by PostsController#create as HTML
  Parameters: {"utf8"=>"✓", "authenticity_token"=>"mFCuNJP5reOW19phdr4zXRLzOMo4NZQ3wneiVR+RO/+owIoDiOxh24iHKkZ7DGazxbSIoRmvIOmJgA4gog1sGg==", "title"=>"Rails Introduction Quiz", "description"=>"asdfasdf", "commit"=>"Submit Post"}
  [1m[35m (0.1ms)[0m  begin transaction
  [1m[36mSQL (0.4ms)[0m  [1mINSERT INTO "posts" ("title", "description", "created_at", "updated_at") VALUES (?, ?, ?, ?)[0m  [["title", "Rails Introduction Quiz"], ["description", "asdfasdf"], ["created_at", "2015-12-31 19:45:03.614973"], ["updated_at", "2015-12-31 19:45:03.614973"]]
  [1m[35m (1.2ms)[0m  commit transaction
Redirected to http://localhost:3000/posts/1
Completed 302 Found in 22ms (ActiveRecord: 1.7ms)


Started GET "/posts/1" for ::1 at 2015-12-31 13:45:03 -0600
Processing by PostsController#show as HTML
  Parameters: {"id"=>"1"}
  [1m[36mPost Load (0.2ms)[0m  [1mSELECT  "posts".* FROM "posts" WHERE "posts"."id" = ? LIMIT 1[0m  [["id", 1]]
  Rendered posts/show.html.erb within layouts/application (0.4ms)
Completed 200 OK in 27ms (Views: 10.4ms | ActiveRecord: 0.2ms)
  [1m[35m (0.1ms)[0m  [1m[36mbegin transaction[0m
  [1m[35mSQL (0.4ms)[0m  [1m[32mINSERT INTO "posts" ("title", "description", "created_at", "updated_at") VALUES (?, ?, ?, ?)[0m  [["title", "Shitcreek"], ["description", "Without a paddle - or toilet paper"], ["created_at", "2019-11-04 13:45:24.565537"], ["updated_at", "2019-11-04 13:45:24.565537"]]
  [1m[35m (1.0ms)[0m  [1m[36mcommit transaction[0m
Started GET "/index" for ::1 at 2019-11-04 13:47:25 +0000
  [1m[36mActiveRecord::SchemaMigration Load (0.1ms)[0m  [1m[34mSELECT "schema_migrations".* FROM "schema_migrations"[0m
  
ActionController::RoutingError (No route matches [GET] "/index"):
  
actionpack (5.0.7.2) lib/action_dispatch/middleware/debug_exceptions.rb:53:in `call'
actionpack (5.0.7.2) lib/action_dispatch/middleware/show_exceptions.rb:31:in `call'
railties (5.0.7.2) lib/rails/rack/logger.rb:36:in `call_app'
railties (5.0.7.2) lib/rails/rack/logger.rb:24:in `block in call'
activesupport (5.0.7.2) lib/active_support/tagged_logging.rb:69:in `block in tagged'
activesupport (5.0.7.2) lib/active_support/tagged_logging.rb:26:in `tagged'
activesupport (5.0.7.2) lib/active_support/tagged_logging.rb:69:in `tagged'
railties (5.0.7.2) lib/rails/rack/logger.rb:24:in `call'
sprockets-rails (3.2.1) lib/sprockets/rails/quiet_assets.rb:13:in `call'
actionpack (5.0.7.2) lib/action_dispatch/middleware/request_id.rb:24:in `call'
rack (2.0.7) lib/rack/method_override.rb:22:in `call'
rack (2.0.7) lib/rack/runtime.rb:22:in `call'
activesupport (5.0.7.2) lib/active_support/cache/strategy/local_cache_middleware.rb:28:in `call'
actionpack (5.0.7.2) lib/action_dispatch/middleware/executor.rb:12:in `call'
actionpack (5.0.7.2) lib/action_dispatch/middleware/static.rb:136:in `call'
rack (2.0.7) lib/rack/sendfile.rb:111:in `call'
railties (5.0.7.2) lib/rails/engine.rb:522:in `call'
rack (2.0.7) lib/rack/handler/webrick.rb:86:in `service'
/Users/alexshom/.rvm/rubies/ruby-2.6.1/lib/ruby/2.6.0/webrick/httpserver.rb:140:in `service'
/Users/alexshom/.rvm/rubies/ruby-2.6.1/lib/ruby/2.6.0/webrick/httpserver.rb:96:in `run'
/Users/alexshom/.rvm/rubies/ruby-2.6.1/lib/ruby/2.6.0/webrick/server.rb:307:in `block in start_thread'
  Rendering /Users/alexshom/.rvm/gems/ruby-2.6.1/gems/actionpack-5.0.7.2/lib/action_dispatch/middleware/templates/rescues/routing_error.html.erb within rescues/layout
  Rendering /Users/alexshom/.rvm/gems/ruby-2.6.1/gems/actionpack-5.0.7.2/lib/action_dispatch/middleware/templates/rescues/_trace.html.erb
  Rendered /Users/alexshom/.rvm/gems/ruby-2.6.1/gems/actionpack-5.0.7.2/lib/action_dispatch/middleware/templates/rescues/_trace.html.erb (0.9ms)
  Rendered collection of /Users/alexshom/.rvm/gems/ruby-2.6.1/gems/actionpack-5.0.7.2/lib/action_dispatch/middleware/templates/routes/_route.html.erb [8 times] (1.8ms)
  Rendered /Users/alexshom/.rvm/gems/ruby-2.6.1/gems/actionpack-5.0.7.2/lib/action_dispatch/middleware/templates/routes/_table.html.erb (7.1ms)
  Rendering /Users/alexshom/.rvm/gems/ruby-2.6.1/gems/actionpack-5.0.7.2/lib/action_dispatch/middleware/templates/rescues/_request_and_response.html.erb
  Rendered /Users/alexshom/.rvm/gems/ruby-2.6.1/gems/actionpack-5.0.7.2/lib/action_dispatch/middleware/templates/rescues/_request_and_response.html.erb (5.1ms)
  Rendered /Users/alexshom/.rvm/gems/ruby-2.6.1/gems/actionpack-5.0.7.2/lib/action_dispatch/middleware/templates/rescues/routing_error.html.erb within rescues/layout (36.7ms)
Started GET "/" for ::1 at 2019-11-04 13:47:31 +0000
Processing by Rails::WelcomeController#index as HTML
  Parameters: {"internal"=>true}
  Rendering /Users/alexshom/.rvm/gems/ruby-2.6.1/gems/railties-5.0.7.2/lib/rails/templates/rails/welcome/index.html.erb
  Rendered /Users/alexshom/.rvm/gems/ruby-2.6.1/gems/railties-5.0.7.2/lib/rails/templates/rails/welcome/index.html.erb (1.6ms)
Completed 200 OK in 4ms (Views: 2.4ms | ActiveRecord: 0.0ms)


Started GET "/posts" for ::1 at 2019-11-04 13:48:07 +0000
Processing by PostsController#index as HTML
  Rendering posts/index.html.erb within layouts/application
  [1m[36mPost Load (0.1ms)[0m  [1m[34mSELECT "posts".* FROM "posts"[0m
  Rendered posts/index.html.erb within layouts/application (3.7ms)
Completed 200 OK in 256ms (Views: 253.7ms | ActiveRecord: 0.5ms)


Started GET "/posts/1" for ::1 at 2019-11-04 13:48:15 +0000
Processing by PostsController#show as HTML
  Parameters: {"id"=>"1"}
  [1m[36mPost Load (0.1ms)[0m  [1m[34mSELECT  "posts".* FROM "posts" WHERE "posts"."id" = ? LIMIT ?[0m  [["id", 1], ["LIMIT", 1]]
  Rendering posts/show.html.erb within layouts/application
  Rendered posts/show.html.erb within layouts/application (0.3ms)
Completed 200 OK in 10ms (Views: 7.5ms | ActiveRecord: 0.1ms)


Started GET "/posts/2" for ::1 at 2019-11-04 13:48:20 +0000
Processing by PostsController#show as HTML
  Parameters: {"id"=>"2"}
  [1m[36mPost Load (0.1ms)[0m  [1m[34mSELECT  "posts".* FROM "posts" WHERE "posts"."id" = ? LIMIT ?[0m  [["id", 2], ["LIMIT", 1]]
  Rendering posts/show.html.erb within layouts/application
  Rendered posts/show.html.erb within layouts/application (0.3ms)
Completed 200 OK in 8ms (Views: 6.8ms | ActiveRecord: 0.1ms)


Started GET "/posts" for ::1 at 2019-11-04 13:48:26 +0000
Processing by PostsController#index as HTML
  Rendering posts/index.html.erb within layouts/application
  [1m[36mPost Load (0.1ms)[0m  [1m[34mSELECT "posts".* FROM "posts"[0m
  Rendered posts/index.html.erb within layouts/application (0.7ms)
Completed 200 OK in 18ms (Views: 17.2ms | ActiveRecord: 0.1ms)


Started GET "/new" for ::1 at 2019-11-04 13:50:07 +0000
  
ActionController::RoutingError (No route matches [GET] "/new"):
  
actionpack (5.0.7.2) lib/action_dispatch/middleware/debug_exceptions.rb:53:in `call'
actionpack (5.0.7.2) lib/action_dispatch/middleware/show_exceptions.rb:31:in `call'
railties (5.0.7.2) lib/rails/rack/logger.rb:36:in `call_app'
railties (5.0.7.2) lib/rails/rack/logger.rb:24:in `block in call'
activesupport (5.0.7.2) lib/active_support/tagged_logging.rb:69:in `block in tagged'
activesupport (5.0.7.2) lib/active_support/tagged_logging.rb:26:in `tagged'
activesupport (5.0.7.2) lib/active_support/tagged_logging.rb:69:in `tagged'
railties (5.0.7.2) lib/rails/rack/logger.rb:24:in `call'
sprockets-rails (3.2.1) lib/sprockets/rails/quiet_assets.rb:13:in `call'
actionpack (5.0.7.2) lib/action_dispatch/middleware/request_id.rb:24:in `call'
rack (2.0.7) lib/rack/method_override.rb:22:in `call'
rack (2.0.7) lib/rack/runtime.rb:22:in `call'
activesupport (5.0.7.2) lib/active_support/cache/strategy/local_cache_middleware.rb:28:in `call'
actionpack (5.0.7.2) lib/action_dispatch/middleware/executor.rb:12:in `call'
actionpack (5.0.7.2) lib/action_dispatch/middleware/static.rb:136:in `call'
rack (2.0.7) lib/rack/sendfile.rb:111:in `call'
railties (5.0.7.2) lib/rails/engine.rb:522:in `call'
rack (2.0.7) lib/rack/handler/webrick.rb:86:in `service'
/Users/alexshom/.rvm/rubies/ruby-2.6.1/lib/ruby/2.6.0/webrick/httpserver.rb:140:in `service'
/Users/alexshom/.rvm/rubies/ruby-2.6.1/lib/ruby/2.6.0/webrick/httpserver.rb:96:in `run'
/Users/alexshom/.rvm/rubies/ruby-2.6.1/lib/ruby/2.6.0/webrick/server.rb:307:in `block in start_thread'
  Rendering /Users/alexshom/.rvm/gems/ruby-2.6.1/gems/actionpack-5.0.7.2/lib/action_dispatch/middleware/templates/rescues/routing_error.html.erb within rescues/layout
  Rendering /Users/alexshom/.rvm/gems/ruby-2.6.1/gems/actionpack-5.0.7.2/lib/action_dispatch/middleware/templates/rescues/_trace.html.erb
  Rendered /Users/alexshom/.rvm/gems/ruby-2.6.1/gems/actionpack-5.0.7.2/lib/action_dispatch/middleware/templates/rescues/_trace.html.erb (0.6ms)
  Rendered collection of /Users/alexshom/.rvm/gems/ruby-2.6.1/gems/actionpack-5.0.7.2/lib/action_dispatch/middleware/templates/routes/_route.html.erb [8 times] (1.6ms)
  Rendered /Users/alexshom/.rvm/gems/ruby-2.6.1/gems/actionpack-5.0.7.2/lib/action_dispatch/middleware/templates/routes/_table.html.erb (0.6ms)
  Rendering /Users/alexshom/.rvm/gems/ruby-2.6.1/gems/actionpack-5.0.7.2/lib/action_dispatch/middleware/templates/rescues/_request_and_response.html.erb
  Rendered /Users/alexshom/.rvm/gems/ruby-2.6.1/gems/actionpack-5.0.7.2/lib/action_dispatch/middleware/templates/rescues/_request_and_response.html.erb (0.6ms)
  Rendered /Users/alexshom/.rvm/gems/ruby-2.6.1/gems/actionpack-5.0.7.2/lib/action_dispatch/middleware/templates/rescues/routing_error.html.erb within rescues/layout (15.8ms)
Started GET "/posts/new" for ::1 at 2019-11-04 13:50:23 +0000
Processing by PostsController#new as HTML
  Rendering posts/new.html.erb within layouts/application
  Rendered posts/new.html.erb within layouts/application (0.9ms)
Completed 200 OK in 29ms (Views: 15.2ms | ActiveRecord: 2.2ms)


Started POST "/posts" for ::1 at 2019-11-04 13:50:31 +0000
Processing by PostsController#create as HTML
  Parameters: {"utf8"=>"✓", "authenticity_token"=>"1UA+yGDJ2akmXlS0zw510OfmDaSFsn9T/+ByCWp7oMXkSytU6Ync5JQI5vOty6rlh67kxdn9B6EWBAE3Wea98g==", "title"=>"Gawd", "description"=>"Damn", "commit"=>"Submit Post"}
  [1m[35m (0.0ms)[0m  [1m[36mbegin transaction[0m
  [1m[35mSQL (0.4ms)[0m  [1m[32mINSERT INTO "posts" ("title", "description", "created_at", "updated_at") VALUES (?, ?, ?, ?)[0m  [["title", "Gawd"], ["description", "Damn"], ["created_at", "2019-11-04 13:50:31.179466"], ["updated_at", "2019-11-04 13:50:31.179466"]]
  [1m[35m (0.5ms)[0m  [1m[36mcommit transaction[0m
No template found for PostsController#create, rendering head :no_content
Completed 204 No Content in 21ms (ActiveRecord: 0.9ms)


Started GET "/posts/new" for ::1 at 2019-11-04 13:50:55 +0000
Processing by PostsController#new as HTML
  Rendering posts/new.html.erb within layouts/application
  Rendered posts/new.html.erb within layouts/application (1.3ms)
Completed 200 OK in 15ms (Views: 14.0ms | ActiveRecord: 0.0ms)


Started POST "/posts" for ::1 at 2019-11-04 13:51:03 +0000
Processing by PostsController#create as HTML
  Parameters: {"utf8"=>"✓", "authenticity_token"=>"G3JGPSFEVeB0md3Nh+D5wDUKYOaZiIUQwOvArYuyAJMqeVOhqARQrcbPb4rlJSb1VUKJh8XH/eIpD7OTuC8dpA==", "title"=>"Gawd", "description"=>"Damn", "commit"=>"Submit Post"}
  [1m[35m (0.0ms)[0m  [1m[36mbegin transaction[0m
  [1m[35mSQL (0.3ms)[0m  [1m[32mINSERT INTO "posts" ("title", "description", "created_at", "updated_at") VALUES (?, ?, ?, ?)[0m  [["title", "Gawd"], ["description", "Damn"], ["created_at", "2019-11-04 13:51:03.622684"], ["updated_at", "2019-11-04 13:51:03.622684"]]
  [1m[35m (0.6ms)[0m  [1m[36mcommit transaction[0m
No template found for PostsController#create, rendering head :no_content
Completed 204 No Content in 17ms (ActiveRecord: 0.9ms)


Started GET "/posts/new" for ::1 at 2019-11-04 13:52:02 +0000
Processing by PostsController#new as HTML
  Rendering posts/new.html.erb within layouts/application
  Rendered posts/new.html.erb within layouts/application (0.6ms)
Completed 200 OK in 9ms (Views: 8.6ms | ActiveRecord: 0.0ms)


  [1m[36mPost Load (1.1ms)[0m  [1m[34mSELECT "posts".* FROM "posts"[0m
Started POST "/posts" for ::1 at 2019-11-04 13:54:06 +0000
Processing by PostsController#create as HTML
  Parameters: {"utf8"=>"✓", "authenticity_token"=>"RLLfiqrrDqxBzm2MzPr+ShgKVbFTE0yBPTAr6iqb0KN1ucoWI6sL4fOY38uuPyF/eEK80A9cNHPU1FjUGQbNlA==", "title"=>"Eat", "description"=>"Shits", "commit"=>"Submit Post"}
  [1m[35m (0.0ms)[0m  [1m[36mbegin transaction[0m
  [1m[35mSQL (0.3ms)[0m  [1m[32mINSERT INTO "posts" ("title", "description", "created_at", "updated_at") VALUES (?, ?, ?, ?)[0m  [["title", "Eat"], ["description", "Shits"], ["created_at", "2019-11-04 13:54:06.552393"], ["updated_at", "2019-11-04 13:54:06.552393"]]
  [1m[35m (0.6ms)[0m  [1m[36mcommit transaction[0m
Redirected to http://localhost:3000/posts.5
Completed 302 Found in 14ms (ActiveRecord: 1.3ms)


Started GET "/posts.5" for ::1 at 2019-11-04 13:54:06 +0000
Processing by PostsController#index as 
  Rendering posts/index.html.erb within layouts/application
  [1m[36mPost Load (0.1ms)[0m  [1m[34mSELECT "posts".* FROM "posts"[0m
  Rendered posts/index.html.erb within layouts/application (0.8ms)
Completed 200 OK in 14ms (Views: 9.6ms | ActiveRecord: 0.1ms)


Started POST "/posts" for ::1 at 2019-11-04 13:54:22 +0000
Processing by PostsController#create as HTML
  Parameters: {"utf8"=>"✓", "authenticity_token"=>"RLLfiqrrDqxBzm2MzPr+ShgKVbFTE0yBPTAr6iqb0KN1ucoWI6sL4fOY38uuPyF/eEK80A9cNHPU1FjUGQbNlA==", "title"=>"Eat 2", "description"=>"Shits 2", "commit"=>"Submit Post"}
  [1m[35m (0.0ms)[0m  [1m[36mbegin transaction[0m
  [1m[35mSQL (0.3ms)[0m  [1m[32mINSERT INTO "posts" ("title", "description", "created_at", "updated_at") VALUES (?, ?, ?, ?)[0m  [["title", "Eat 2"], ["description", "Shits 2"], ["created_at", "2019-11-04 13:54:22.069143"], ["updated_at", "2019-11-04 13:54:22.069143"]]
  [1m[35m (0.6ms)[0m  [1m[36mcommit transaction[0m
Redirected to http://localhost:3000/posts/6
Completed 302 Found in 7ms (ActiveRecord: 1.5ms)


Started GET "/posts/6" for ::1 at 2019-11-04 13:54:22 +0000
Processing by PostsController#show as HTML
  Parameters: {"id"=>"6"}
  [1m[36mPost Load (0.1ms)[0m  [1m[34mSELECT  "posts".* FROM "posts" WHERE "posts"."id" = ? LIMIT ?[0m  [["id", 6], ["LIMIT", 1]]
  Rendering posts/show.html.erb within layouts/application
  Rendered posts/show.html.erb within layouts/application (0.3ms)
Completed 200 OK in 9ms (Views: 7.1ms | ActiveRecord: 0.1ms)


Started GET "/posts" for ::1 at 2019-11-04 13:54:25 +0000
Processing by PostsController#index as HTML
  Rendering posts/index.html.erb within layouts/application
  [1m[36mPost Load (0.1ms)[0m  [1m[34mSELECT "posts".* FROM "posts"[0m
  Rendered posts/index.html.erb within layouts/application (0.8ms)
Completed 200 OK in 10ms (Views: 8.8ms | ActiveRecord: 0.1ms)


